[debug] [2022-03-29T13:58:42.194Z] ----------------------------------------------------------------------
[debug] [2022-03-29T13:58:42.196Z] Command:       C:\Program Files\nodejs\node.exe C:\Users\SGSLP085\AppData\Roaming\npm\node_modules\firebase-tools\lib\bin\firebase.js deploy
[debug] [2022-03-29T13:58:42.196Z] CLI Version:   10.5.0
[debug] [2022-03-29T13:58:42.196Z] Platform:      win32
[debug] [2022-03-29T13:58:42.196Z] Node Version:  v14.17.6
[debug] [2022-03-29T13:58:42.197Z] Time:          Tue Mar 29 2022 19:28:42 GMT+0530 (India Standard Time)
[debug] [2022-03-29T13:58:42.197Z] ----------------------------------------------------------------------
[debug] 
[debug] [2022-03-29T13:58:42.254Z] > command requires scopes: ["email","openid","https://www.googleapis.com/auth/cloudplatformprojects.readonly","https://www.googleapis.com/auth/firebase","https://www.googleapis.com/auth/cloud-platform"]
[debug] [2022-03-29T13:58:42.255Z] > authorizing via signed-in user (manojdhake62@gmail.com)
[debug] [2022-03-29T13:58:42.255Z] [iam] checking project my-wedding-app-b4a1d for permissions ["firebase.projects.get","firebasehosting.sites.update"]
[debug] [2022-03-29T13:58:42.256Z] > refreshing access token with scopes: []
[debug] [2022-03-29T13:58:42.256Z] >>> HTTP REQUEST POST https://www.googleapis.com/oauth2/v3/token  
 <request body omitted>
[debug] [2022-03-29T13:58:42.518Z] <<< HTTP RESPONSE 200 {"cache-control":"no-cache, no-store, max-age=0, must-revalidate","pragma":"no-cache","date":"Tue, 29 Mar 2022 13:58:43 GMT","expires":"Mon, 01 Jan 1990 00:00:00 GMT","content-type":"application/json; charset=utf-8","vary":"X-Origin, Referer, Origin,Accept-Encoding","server":"scaffolding on HTTPServer2","x-xss-protection":"0","x-frame-options":"SAMEORIGIN","x-content-type-options":"nosniff","alt-svc":"h3=\":443\"; ma=2592000,h3-29=\":443\"; ma=2592000,h3-Q050=\":443\"; ma=2592000,h3-Q046=\":443\"; ma=2592000,h3-Q043=\":443\"; ma=2592000,quic=\":443\"; ma=2592000; v=\"46,43\"","accept-ranges":"none","transfer-encoding":"chunked"}
[debug] [2022-03-29T13:58:42.533Z] >>> [apiv2][query] POST https://cloudresourcemanager.googleapis.com/v1/projects/my-wedding-app-b4a1d:testIamPermissions [none]
[debug] [2022-03-29T13:58:42.533Z] >>> [apiv2][body] POST https://cloudresourcemanager.googleapis.com/v1/projects/my-wedding-app-b4a1d:testIamPermissions {"permissions":["firebase.projects.get","firebasehosting.sites.update"]}
[debug] [2022-03-29T13:58:44.135Z] <<< [apiv2][status] POST https://cloudresourcemanager.googleapis.com/v1/projects/my-wedding-app-b4a1d:testIamPermissions 200
[debug] [2022-03-29T13:58:44.135Z] <<< [apiv2][body] POST https://cloudresourcemanager.googleapis.com/v1/projects/my-wedding-app-b4a1d:testIamPermissions {"permissions":["firebase.projects.get","firebasehosting.sites.update"]}
[debug] [2022-03-29T13:58:44.137Z] >>> [apiv2][query] GET https://firebase.googleapis.com/v1beta1/projects/my-wedding-app-b4a1d [none]
[debug] [2022-03-29T13:58:44.799Z] <<< [apiv2][status] GET https://firebase.googleapis.com/v1beta1/projects/my-wedding-app-b4a1d 200
[debug] [2022-03-29T13:58:44.799Z] <<< [apiv2][body] GET https://firebase.googleapis.com/v1beta1/projects/my-wedding-app-b4a1d {"projectId":"my-wedding-app-b4a1d","projectNumber":"801708851403","displayName":"my-wedding-app","name":"projects/my-wedding-app-b4a1d","resources":{"hostingSite":"my-wedding-app-b4a1d"},"state":"ACTIVE"}
[info] 
[info] === Deploying to 'my-wedding-app-b4a1d'...
[info] 
[info] i  deploying hosting 
[debug] [2022-03-29T13:58:44.801Z] >>> [apiv2][query] GET https://firebase.googleapis.com/v1beta1/projects/my-wedding-app-b4a1d [none]
[debug] [2022-03-29T13:58:45.469Z] <<< [apiv2][status] GET https://firebase.googleapis.com/v1beta1/projects/my-wedding-app-b4a1d 200
[debug] [2022-03-29T13:58:45.470Z] <<< [apiv2][body] GET https://firebase.googleapis.com/v1beta1/projects/my-wedding-app-b4a1d {"projectId":"my-wedding-app-b4a1d","projectNumber":"801708851403","displayName":"my-wedding-app","name":"projects/my-wedding-app-b4a1d","resources":{"hostingSite":"my-wedding-app-b4a1d"},"state":"ACTIVE"}
[debug] [2022-03-29T13:58:45.472Z] >>> [apiv2][query] POST https://firebasehosting.googleapis.com/v1beta1/projects/801708851403/sites/my-wedding-app-b4a1d/versions [none]
[debug] [2022-03-29T13:58:45.473Z] >>> [apiv2][body] POST https://firebasehosting.googleapis.com/v1beta1/projects/801708851403/sites/my-wedding-app-b4a1d/versions {"config":{},"labels":{"deployment-tool":"cli-firebase"}}
[debug] [2022-03-29T13:58:47.408Z] <<< [apiv2][status] POST https://firebasehosting.googleapis.com/v1beta1/projects/801708851403/sites/my-wedding-app-b4a1d/versions 200
[debug] [2022-03-29T13:58:47.409Z] <<< [apiv2][body] POST https://firebasehosting.googleapis.com/v1beta1/projects/801708851403/sites/my-wedding-app-b4a1d/versions {"name":"projects/801708851403/sites/my-wedding-app-b4a1d/versions/f20b5db79b6f4be6","status":"CREATED","config":{},"labels":{"deployment-tool":"cli-firebase"}}
[info] i  hosting[my-wedding-app-b4a1d]: beginning deploy... 
[info] i  hosting[my-wedding-app-b4a1d]: found 41 files in build 
[debug] [2022-03-29T13:58:47.423Z] [hosting] uploading with 200 concurrency
[debug] [2022-03-29T13:58:47.791Z] [hosting] hash cache [YnVpbGQ] stored for 41 files
[debug] [2022-03-29T13:58:47.791Z] [hosting][hash queue][FINAL] {"max":358,"min":1,"avg":22.829268292682926,"active":0,"complete":41,"success":41,"errored":0,"retried":0,"total":41,"elapsed":366}
[debug] [2022-03-29T13:58:47.791Z] >>> [apiv2][query] POST https://firebasehosting.googleapis.com/v1beta1/projects/801708851403/sites/my-wedding-app-b4a1d/versions/f20b5db79b6f4be6:populateFiles [none]
[debug] [2022-03-29T13:58:47.791Z] >>> [apiv2][body] POST https://firebasehosting.googleapis.com/v1beta1/projects/801708851403/sites/my-wedding-app-b4a1d/versions/f20b5db79b6f4be6:populateFiles {"files":{"/404.html":"daa499dd96d8229e73235345702ba32f0793f0c8e5c0d30e40e37a5872be57aa","/favicon.ico":"3da572b8963c15c90c2ae6d4411482f1d1fd07e1d45d31baa99612e83fc3bd05","/manifest.json":"a40a4294484385ec155814f7d72caf5967a19f5efcbedf7a62b2cdff07e42711","/robots.txt":"bfe106a3fb878dc83461c86818bf74fc1bdc7f28538ba613cd3e775516ce8b49","/css/fluidbox.min.css":"55103822288f0b11f36b309112a6f4b3e305b9e964f77003debf279105df716a","/css/layerslider.css":"dfd643190abdb6720f2dd6ce8524b1b887ab114ae8c5221cd97bcfa3d7a3657d","/css/swiper.css":"5a13a75195589f24ef69c8adeb7358ec53e80dfc3984d98be13dcc919f5f64d4","/images/Background_Circle.png":"454eaf122209023363cc1df59ef8328fb663523abe8548e48b346e4b93567e9a","/images/brideback.jpg":"dbea32e5e76ec2909ee84498e5fbefaafc6ba103670be097e04e554926c7ba5a","/images/hallRoom.png":"7ddb54afb9f0adb3734074eda415f6bd1735b962651e7db548387eb537d95972","/images/handShake.png":"11bd07f56c516c5b461aa4101578c42a80abc63538c7351bbb533a61cac6de24","/images/image_001.JPG":"a62521f5e9fbe5ffb1505940f6da14c9a39e3fab9ecacf84e6299cb3268156db","/images/kalika.png":"43db44e5dc5b16f0820e60760bf1afa08b9c7b4c411bf89f0e55be547ea67589","/images/samarth.png":"a05b3c28bfcca6c16206ad8adcefd1bddde941263f66467936b1ed0686ca4148","/images/sindoor.png":"dcdaacf25555e0e4d7ff1377515ac20b0e877946e5e30ccedd01c519f65b027b","/images/vivahalogo.png":"0a3af732bce53ba39eb8594525708dd3c7cb9555dd0974b334171a6f89514e4e","/images/wedding_ring.jpg":"33003cadc2eadca89db3746eea64bc8f6cbbde9fa9e89a3b530dae9818bc19c3","/images/togather/manoj_1.png":"39ea58ba5a7b530bcf39018339cb72ee8124940ee105613e655ca1221fce4966","/images/togather/mansi_1.png":"ac342903beec946a14d915b6bdfbdbce15c362fcedc287fb9e300d3996300828","/asset-manifest.json":"bab76bafae759217f00303b9b4aa8fff40498aca306126ea9946fbeb703edee2","/index.html":"010281f0152e63422e2df05362ecbff4f4315810f3ade1b4df2a82bd2b456441","/images/facebook.png":"c17cad29b99967681286d730507b4c1084b92a6c33339ef601d4e87b999fdf1c","/marraigeData.json":"714de67ffcd01775ec087eb06ac5e36ccce08d460d11820d5d02bb26db907f7c","/images/hadli_image.png":"056057af6847d9cb1603dcb9761a64e078fff4c1d2e38c7a93a50e82b06d39c5","/images/twitter.png":"297a8a1be9c5b1f589545d3223e085517c5d66843950182fead07b7f695f7c09","/static/css/main.ebae274c.css":"ebec5431bd9b20873f6156d17d3f7091ada9682b9495d1dd535690cd121a27a0","/static/js/main.f5c1b109.js.LICENSE.txt":"b47b4b59e71f0dff967594565c7dc3c9f51d4533134abd8e3e5c6c3bb448c6fb","/static/css/main.ebae274c.css.map":"3cc3af850a7ff30cce30e83f14f99512a51ce5a8713b5def42fd58f9db5e18d9","/static/media/Background_Circle.c7dd84a1d422e8f23e93.png":"454eaf122209023363cc1df59ef8328fb663523abe8548e48b346e4b93567e9a","/images/blessed.png":"84fde86320c952803fb9b15631c59cd88f7895c04e85e00c36459e82f8519bb1","/images/whatapp.png":"b355f8168af2f58c8566f61fa8a6906bd395008b3c33a61a12049bbc5067382a","/images/meal.png":"47a6af8415512bd2395fc1b82af64933845e84b2100848c3fe69171077b04e43","/css/bootstrap.css":"008ce0aaf666273fd3efa55e0cf38cf1501c6ca52fa48720120ba412f8e9dcaa","/static/js/main.f5c1b109.js":"8382a39ae0749f83ef1d2b36b0c1ec47c42615323fcda0d5da05c6c1e97f36d5","/images/revati.png":"3be82570f25a68fea297cf5346070535c47e66f5b31c35815b3858341a50829c","/images/teju.png":"01ffe8db4c17b4c8393929f858513bc25320837c845edbc27dbf9d274547b8a4","/static/media/hallRoom.2a4d1c585d361290414e.png":"7ddb54afb9f0adb3734074eda415f6bd1735b962651e7db548387eb537d95972","/images/gargi.png":"b94bb79e968672de7333fd4974c2fa7be9746ecaaefd4368a66e6ab5ff449896","/images/instagram.png":"6646ef3c1f070cfa47251b07734c8fed7c51f1c15081c7cca949c60bdf668f1b","/static/js/main.f5c1b109.js.map":"62c3810b6e658cdceedd4277ee56c588ac0232a968062203d0f15706f164a4d6","/static/media/image_001.2907d73d84676399f458.JPG":"a62521f5e9fbe5ffb1505940f6da14c9a39e3fab9ecacf84e6299cb3268156db"}}
[debug] [2022-03-29T13:58:49.526Z] <<< [apiv2][status] POST https://firebasehosting.googleapis.com/v1beta1/projects/801708851403/sites/my-wedding-app-b4a1d/versions/f20b5db79b6f4be6:populateFiles 200
[debug] [2022-03-29T13:58:49.526Z] <<< [apiv2][body] POST https://firebasehosting.googleapis.com/v1beta1/projects/801708851403/sites/my-wedding-app-b4a1d/versions/f20b5db79b6f4be6:populateFiles {"uploadRequiredHashes":["3be82570f25a68fea297cf5346070535c47e66f5b31c35815b3858341a50829c","714de67ffcd01775ec087eb06ac5e36ccce08d460d11820d5d02bb26db907f7c","b47b4b59e71f0dff967594565c7dc3c9f51d4533134abd8e3e5c6c3bb448c6fb","6646ef3c1f070cfa47251b07734c8fed7c51f1c15081c7cca949c60bdf668f1b","8382a39ae0749f83ef1d2b36b0c1ec47c42615323fcda0d5da05c6c1e97f36d5","c17cad29b99967681286d730507b4c1084b92a6c33339ef601d4e87b999fdf1c","b355f8168af2f58c8566f61fa8a6906bd395008b3c33a61a12049bbc5067382a","010281f0152e63422e2df05362ecbff4f4315810f3ade1b4df2a82bd2b456441","bab76bafae759217f00303b9b4aa8fff40498aca306126ea9946fbeb703edee2","008ce0aaf666273fd3efa55e0cf38cf1501c6ca52fa48720120ba412f8e9dcaa","297a8a1be9c5b1f589545d3223e085517c5d66843950182fead07b7f695f7c09","01ffe8db4c17b4c8393929f858513bc25320837c845edbc27dbf9d274547b8a4","056057af6847d9cb1603dcb9761a64e078fff4c1d2e38c7a93a50e82b06d39c5","62c3810b6e658cdceedd4277ee56c588ac0232a968062203d0f15706f164a4d6","84fde86320c952803fb9b15631c59cd88f7895c04e85e00c36459e82f8519bb1","47a6af8415512bd2395fc1b82af64933845e84b2100848c3fe69171077b04e43","b94bb79e968672de7333fd4974c2fa7be9746ecaaefd4368a66e6ab5ff449896"],"uploadUrl":"https://upload-firebasehosting.googleapis.com/upload/sites/my-wedding-app-b4a1d/versions/f20b5db79b6f4be6/files"}
[debug] [2022-03-29T13:58:49.533Z] >>> [apiv2][query] POST https://upload-firebasehosting.googleapis.com/upload/sites/my-wedding-app-b4a1d/versions/f20b5db79b6f4be6/files/3be82570f25a68fea297cf5346070535c47e66f5b31c35815b3858341a50829c [none]
[debug] [2022-03-29T13:58:49.533Z] >>> [apiv2][body] POST https://upload-firebasehosting.googleapis.com/upload/sites/my-wedding-app-b4a1d/versions/f20b5db79b6f4be6/files/3be82570f25a68fea297cf5346070535c47e66f5b31c35815b3858341a50829c [stream]
[debug] [2022-03-29T13:58:49.536Z] >>> [apiv2][query] POST https://upload-firebasehosting.googleapis.com/upload/sites/my-wedding-app-b4a1d/versions/f20b5db79b6f4be6/files/714de67ffcd01775ec087eb06ac5e36ccce08d460d11820d5d02bb26db907f7c [none]
[debug] [2022-03-29T13:58:49.537Z] >>> [apiv2][body] POST https://upload-firebasehosting.googleapis.com/upload/sites/my-wedding-app-b4a1d/versions/f20b5db79b6f4be6/files/714de67ffcd01775ec087eb06ac5e36ccce08d460d11820d5d02bb26db907f7c [stream]
[debug] [2022-03-29T13:58:49.539Z] >>> [apiv2][query] POST https://upload-firebasehosting.googleapis.com/upload/sites/my-wedding-app-b4a1d/versions/f20b5db79b6f4be6/files/b47b4b59e71f0dff967594565c7dc3c9f51d4533134abd8e3e5c6c3bb448c6fb [none]
[debug] [2022-03-29T13:58:49.540Z] >>> [apiv2][body] POST https://upload-firebasehosting.googleapis.com/upload/sites/my-wedding-app-b4a1d/versions/f20b5db79b6f4be6/files/b47b4b59e71f0dff967594565c7dc3c9f51d4533134abd8e3e5c6c3bb448c6fb [stream]
[debug] [2022-03-29T13:58:49.541Z] >>> [apiv2][query] POST https://upload-firebasehosting.googleapis.com/upload/sites/my-wedding-app-b4a1d/versions/f20b5db79b6f4be6/files/6646ef3c1f070cfa47251b07734c8fed7c51f1c15081c7cca949c60bdf668f1b [none]
[debug] [2022-03-29T13:58:49.541Z] >>> [apiv2][body] POST https://upload-firebasehosting.googleapis.com/upload/sites/my-wedding-app-b4a1d/versions/f20b5db79b6f4be6/files/6646ef3c1f070cfa47251b07734c8fed7c51f1c15081c7cca949c60bdf668f1b [stream]
[debug] [2022-03-29T13:58:49.543Z] >>> [apiv2][query] POST https://upload-firebasehosting.googleapis.com/upload/sites/my-wedding-app-b4a1d/versions/f20b5db79b6f4be6/files/8382a39ae0749f83ef1d2b36b0c1ec47c42615323fcda0d5da05c6c1e97f36d5 [none]
[debug] [2022-03-29T13:58:49.543Z] >>> [apiv2][body] POST https://upload-firebasehosting.googleapis.com/upload/sites/my-wedding-app-b4a1d/versions/f20b5db79b6f4be6/files/8382a39ae0749f83ef1d2b36b0c1ec47c42615323fcda0d5da05c6c1e97f36d5 [stream]
[debug] [2022-03-29T13:58:49.545Z] >>> [apiv2][query] POST https://upload-firebasehosting.googleapis.com/upload/sites/my-wedding-app-b4a1d/versions/f20b5db79b6f4be6/files/c17cad29b99967681286d730507b4c1084b92a6c33339ef601d4e87b999fdf1c [none]
[debug] [2022-03-29T13:58:49.545Z] >>> [apiv2][body] POST https://upload-firebasehosting.googleapis.com/upload/sites/my-wedding-app-b4a1d/versions/f20b5db79b6f4be6/files/c17cad29b99967681286d730507b4c1084b92a6c33339ef601d4e87b999fdf1c [stream]
[debug] [2022-03-29T13:58:49.547Z] >>> [apiv2][query] POST https://upload-firebasehosting.googleapis.com/upload/sites/my-wedding-app-b4a1d/versions/f20b5db79b6f4be6/files/b355f8168af2f58c8566f61fa8a6906bd395008b3c33a61a12049bbc5067382a [none]
[debug] [2022-03-29T13:58:49.547Z] >>> [apiv2][body] POST https://upload-firebasehosting.googleapis.com/upload/sites/my-wedding-app-b4a1d/versions/f20b5db79b6f4be6/files/b355f8168af2f58c8566f61fa8a6906bd395008b3c33a61a12049bbc5067382a [stream]
[debug] [2022-03-29T13:58:49.549Z] >>> [apiv2][query] POST https://upload-firebasehosting.googleapis.com/upload/sites/my-wedding-app-b4a1d/versions/f20b5db79b6f4be6/files/010281f0152e63422e2df05362ecbff4f4315810f3ade1b4df2a82bd2b456441 [none]
[debug] [2022-03-29T13:58:49.549Z] >>> [apiv2][body] POST https://upload-firebasehosting.googleapis.com/upload/sites/my-wedding-app-b4a1d/versions/f20b5db79b6f4be6/files/010281f0152e63422e2df05362ecbff4f4315810f3ade1b4df2a82bd2b456441 [stream]
[debug] [2022-03-29T13:58:49.551Z] >>> [apiv2][query] POST https://upload-firebasehosting.googleapis.com/upload/sites/my-wedding-app-b4a1d/versions/f20b5db79b6f4be6/files/bab76bafae759217f00303b9b4aa8fff40498aca306126ea9946fbeb703edee2 [none]
[debug] [2022-03-29T13:58:49.551Z] >>> [apiv2][body] POST https://upload-firebasehosting.googleapis.com/upload/sites/my-wedding-app-b4a1d/versions/f20b5db79b6f4be6/files/bab76bafae759217f00303b9b4aa8fff40498aca306126ea9946fbeb703edee2 [stream]
[debug] [2022-03-29T13:58:49.553Z] >>> [apiv2][query] POST https://upload-firebasehosting.googleapis.com/upload/sites/my-wedding-app-b4a1d/versions/f20b5db79b6f4be6/files/008ce0aaf666273fd3efa55e0cf38cf1501c6ca52fa48720120ba412f8e9dcaa [none]
[debug] [2022-03-29T13:58:49.553Z] >>> [apiv2][body] POST https://upload-firebasehosting.googleapis.com/upload/sites/my-wedding-app-b4a1d/versions/f20b5db79b6f4be6/files/008ce0aaf666273fd3efa55e0cf38cf1501c6ca52fa48720120ba412f8e9dcaa [stream]
[debug] [2022-03-29T13:58:49.555Z] >>> [apiv2][query] POST https://upload-firebasehosting.googleapis.com/upload/sites/my-wedding-app-b4a1d/versions/f20b5db79b6f4be6/files/297a8a1be9c5b1f589545d3223e085517c5d66843950182fead07b7f695f7c09 [none]
[debug] [2022-03-29T13:58:49.555Z] >>> [apiv2][body] POST https://upload-firebasehosting.googleapis.com/upload/sites/my-wedding-app-b4a1d/versions/f20b5db79b6f4be6/files/297a8a1be9c5b1f589545d3223e085517c5d66843950182fead07b7f695f7c09 [stream]
[debug] [2022-03-29T13:58:49.557Z] >>> [apiv2][query] POST https://upload-firebasehosting.googleapis.com/upload/sites/my-wedding-app-b4a1d/versions/f20b5db79b6f4be6/files/01ffe8db4c17b4c8393929f858513bc25320837c845edbc27dbf9d274547b8a4 [none]
[debug] [2022-03-29T13:58:49.557Z] >>> [apiv2][body] POST https://upload-firebasehosting.googleapis.com/upload/sites/my-wedding-app-b4a1d/versions/f20b5db79b6f4be6/files/01ffe8db4c17b4c8393929f858513bc25320837c845edbc27dbf9d274547b8a4 [stream]
[debug] [2022-03-29T13:58:49.558Z] >>> [apiv2][query] POST https://upload-firebasehosting.googleapis.com/upload/sites/my-wedding-app-b4a1d/versions/f20b5db79b6f4be6/files/056057af6847d9cb1603dcb9761a64e078fff4c1d2e38c7a93a50e82b06d39c5 [none]
[debug] [2022-03-29T13:58:49.559Z] >>> [apiv2][body] POST https://upload-firebasehosting.googleapis.com/upload/sites/my-wedding-app-b4a1d/versions/f20b5db79b6f4be6/files/056057af6847d9cb1603dcb9761a64e078fff4c1d2e38c7a93a50e82b06d39c5 [stream]
[debug] [2022-03-29T13:58:49.565Z] >>> [apiv2][query] POST https://upload-firebasehosting.googleapis.com/upload/sites/my-wedding-app-b4a1d/versions/f20b5db79b6f4be6/files/62c3810b6e658cdceedd4277ee56c588ac0232a968062203d0f15706f164a4d6 [none]
[debug] [2022-03-29T13:58:49.565Z] >>> [apiv2][body] POST https://upload-firebasehosting.googleapis.com/upload/sites/my-wedding-app-b4a1d/versions/f20b5db79b6f4be6/files/62c3810b6e658cdceedd4277ee56c588ac0232a968062203d0f15706f164a4d6 [stream]
[debug] [2022-03-29T13:58:49.566Z] >>> [apiv2][query] POST https://upload-firebasehosting.googleapis.com/upload/sites/my-wedding-app-b4a1d/versions/f20b5db79b6f4be6/files/84fde86320c952803fb9b15631c59cd88f7895c04e85e00c36459e82f8519bb1 [none]
[debug] [2022-03-29T13:58:49.566Z] >>> [apiv2][body] POST https://upload-firebasehosting.googleapis.com/upload/sites/my-wedding-app-b4a1d/versions/f20b5db79b6f4be6/files/84fde86320c952803fb9b15631c59cd88f7895c04e85e00c36459e82f8519bb1 [stream]
[debug] [2022-03-29T13:58:49.567Z] >>> [apiv2][query] POST https://upload-firebasehosting.googleapis.com/upload/sites/my-wedding-app-b4a1d/versions/f20b5db79b6f4be6/files/47a6af8415512bd2395fc1b82af64933845e84b2100848c3fe69171077b04e43 [none]
[debug] [2022-03-29T13:58:49.567Z] >>> [apiv2][body] POST https://upload-firebasehosting.googleapis.com/upload/sites/my-wedding-app-b4a1d/versions/f20b5db79b6f4be6/files/47a6af8415512bd2395fc1b82af64933845e84b2100848c3fe69171077b04e43 [stream]
[debug] [2022-03-29T13:58:49.568Z] >>> [apiv2][query] POST https://upload-firebasehosting.googleapis.com/upload/sites/my-wedding-app-b4a1d/versions/f20b5db79b6f4be6/files/b94bb79e968672de7333fd4974c2fa7be9746ecaaefd4368a66e6ab5ff449896 [none]
[debug] [2022-03-29T13:58:49.569Z] >>> [apiv2][body] POST https://upload-firebasehosting.googleapis.com/upload/sites/my-wedding-app-b4a1d/versions/f20b5db79b6f4be6/files/b94bb79e968672de7333fd4974c2fa7be9746ecaaefd4368a66e6ab5ff449896 [stream]
[debug] [2022-03-29T13:58:49.570Z] [hosting][populate queue][FINAL] {"max":1743,"min":1743,"avg":1743,"active":0,"complete":1,"success":1,"errored":0,"retried":0,"total":1,"elapsed":1780}
[debug] [2022-03-29T13:58:49.571Z] [hosting] uploads queued: 17
[debug] [2022-03-29T13:58:51.559Z] <<< [apiv2][status] POST https://upload-firebasehosting.googleapis.com/upload/sites/my-wedding-app-b4a1d/versions/f20b5db79b6f4be6/files/8382a39ae0749f83ef1d2b36b0c1ec47c42615323fcda0d5da05c6c1e97f36d5 200
[debug] [2022-03-29T13:58:51.559Z] <<< [apiv2][body] POST https://upload-firebasehosting.googleapis.com/upload/sites/my-wedding-app-b4a1d/versions/f20b5db79b6f4be6/files/8382a39ae0749f83ef1d2b36b0c1ec47c42615323fcda0d5da05c6c1e97f36d5 [stream]
[debug] [2022-03-29T13:58:51.647Z] <<< [apiv2][status] POST https://upload-firebasehosting.googleapis.com/upload/sites/my-wedding-app-b4a1d/versions/f20b5db79b6f4be6/files/008ce0aaf666273fd3efa55e0cf38cf1501c6ca52fa48720120ba412f8e9dcaa 200
[debug] [2022-03-29T13:58:51.648Z] <<< [apiv2][body] POST https://upload-firebasehosting.googleapis.com/upload/sites/my-wedding-app-b4a1d/versions/f20b5db79b6f4be6/files/008ce0aaf666273fd3efa55e0cf38cf1501c6ca52fa48720120ba412f8e9dcaa [stream]
[debug] [2022-03-29T13:58:51.769Z] <<< [apiv2][status] POST https://upload-firebasehosting.googleapis.com/upload/sites/my-wedding-app-b4a1d/versions/f20b5db79b6f4be6/files/714de67ffcd01775ec087eb06ac5e36ccce08d460d11820d5d02bb26db907f7c 200
[debug] [2022-03-29T13:58:51.770Z] <<< [apiv2][body] POST https://upload-firebasehosting.googleapis.com/upload/sites/my-wedding-app-b4a1d/versions/f20b5db79b6f4be6/files/714de67ffcd01775ec087eb06ac5e36ccce08d460d11820d5d02bb26db907f7c [stream]
[debug] [2022-03-29T13:58:51.805Z] <<< [apiv2][status] POST https://upload-firebasehosting.googleapis.com/upload/sites/my-wedding-app-b4a1d/versions/f20b5db79b6f4be6/files/47a6af8415512bd2395fc1b82af64933845e84b2100848c3fe69171077b04e43 200
[debug] [2022-03-29T13:58:51.806Z] <<< [apiv2][body] POST https://upload-firebasehosting.googleapis.com/upload/sites/my-wedding-app-b4a1d/versions/f20b5db79b6f4be6/files/47a6af8415512bd2395fc1b82af64933845e84b2100848c3fe69171077b04e43 [stream]
[debug] [2022-03-29T13:58:51.935Z] <<< [apiv2][status] POST https://upload-firebasehosting.googleapis.com/upload/sites/my-wedding-app-b4a1d/versions/f20b5db79b6f4be6/files/62c3810b6e658cdceedd4277ee56c588ac0232a968062203d0f15706f164a4d6 200
[debug] [2022-03-29T13:58:51.935Z] <<< [apiv2][body] POST https://upload-firebasehosting.googleapis.com/upload/sites/my-wedding-app-b4a1d/versions/f20b5db79b6f4be6/files/62c3810b6e658cdceedd4277ee56c588ac0232a968062203d0f15706f164a4d6 [stream]
[debug] [2022-03-29T13:58:52.001Z] <<< [apiv2][status] POST https://upload-firebasehosting.googleapis.com/upload/sites/my-wedding-app-b4a1d/versions/f20b5db79b6f4be6/files/84fde86320c952803fb9b15631c59cd88f7895c04e85e00c36459e82f8519bb1 200
[debug] [2022-03-29T13:58:52.001Z] <<< [apiv2][body] POST https://upload-firebasehosting.googleapis.com/upload/sites/my-wedding-app-b4a1d/versions/f20b5db79b6f4be6/files/84fde86320c952803fb9b15631c59cd88f7895c04e85e00c36459e82f8519bb1 [stream]
[debug] [2022-03-29T13:58:52.068Z] <<< [apiv2][status] POST https://upload-firebasehosting.googleapis.com/upload/sites/my-wedding-app-b4a1d/versions/f20b5db79b6f4be6/files/bab76bafae759217f00303b9b4aa8fff40498aca306126ea9946fbeb703edee2 200
[debug] [2022-03-29T13:58:52.069Z] <<< [apiv2][body] POST https://upload-firebasehosting.googleapis.com/upload/sites/my-wedding-app-b4a1d/versions/f20b5db79b6f4be6/files/bab76bafae759217f00303b9b4aa8fff40498aca306126ea9946fbeb703edee2 [stream]
[debug] [2022-03-29T13:58:52.083Z] <<< [apiv2][status] POST https://upload-firebasehosting.googleapis.com/upload/sites/my-wedding-app-b4a1d/versions/f20b5db79b6f4be6/files/b47b4b59e71f0dff967594565c7dc3c9f51d4533134abd8e3e5c6c3bb448c6fb 200
[debug] [2022-03-29T13:58:52.083Z] <<< [apiv2][body] POST https://upload-firebasehosting.googleapis.com/upload/sites/my-wedding-app-b4a1d/versions/f20b5db79b6f4be6/files/b47b4b59e71f0dff967594565c7dc3c9f51d4533134abd8e3e5c6c3bb448c6fb [stream]
[debug] [2022-03-29T13:58:52.256Z] <<< [apiv2][status] POST https://upload-firebasehosting.googleapis.com/upload/sites/my-wedding-app-b4a1d/versions/f20b5db79b6f4be6/files/b355f8168af2f58c8566f61fa8a6906bd395008b3c33a61a12049bbc5067382a 200
[debug] [2022-03-29T13:58:52.256Z] <<< [apiv2][body] POST https://upload-firebasehosting.googleapis.com/upload/sites/my-wedding-app-b4a1d/versions/f20b5db79b6f4be6/files/b355f8168af2f58c8566f61fa8a6906bd395008b3c33a61a12049bbc5067382a [stream]
[debug] [2022-03-29T13:58:52.417Z] <<< [apiv2][status] POST https://upload-firebasehosting.googleapis.com/upload/sites/my-wedding-app-b4a1d/versions/f20b5db79b6f4be6/files/b94bb79e968672de7333fd4974c2fa7be9746ecaaefd4368a66e6ab5ff449896 200
[debug] [2022-03-29T13:58:52.417Z] <<< [apiv2][body] POST https://upload-firebasehosting.googleapis.com/upload/sites/my-wedding-app-b4a1d/versions/f20b5db79b6f4be6/files/b94bb79e968672de7333fd4974c2fa7be9746ecaaefd4368a66e6ab5ff449896 [stream]
[debug] [2022-03-29T13:58:52.485Z] <<< [apiv2][status] POST https://upload-firebasehosting.googleapis.com/upload/sites/my-wedding-app-b4a1d/versions/f20b5db79b6f4be6/files/3be82570f25a68fea297cf5346070535c47e66f5b31c35815b3858341a50829c 200
[debug] [2022-03-29T13:58:52.485Z] <<< [apiv2][body] POST https://upload-firebasehosting.googleapis.com/upload/sites/my-wedding-app-b4a1d/versions/f20b5db79b6f4be6/files/3be82570f25a68fea297cf5346070535c47e66f5b31c35815b3858341a50829c [stream]
[debug] [2022-03-29T13:58:52.787Z] <<< [apiv2][status] POST https://upload-firebasehosting.googleapis.com/upload/sites/my-wedding-app-b4a1d/versions/f20b5db79b6f4be6/files/c17cad29b99967681286d730507b4c1084b92a6c33339ef601d4e87b999fdf1c 200
[debug] [2022-03-29T13:58:52.787Z] <<< [apiv2][body] POST https://upload-firebasehosting.googleapis.com/upload/sites/my-wedding-app-b4a1d/versions/f20b5db79b6f4be6/files/c17cad29b99967681286d730507b4c1084b92a6c33339ef601d4e87b999fdf1c [stream]
[debug] [2022-03-29T13:58:53.320Z] <<< [apiv2][status] POST https://upload-firebasehosting.googleapis.com/upload/sites/my-wedding-app-b4a1d/versions/f20b5db79b6f4be6/files/297a8a1be9c5b1f589545d3223e085517c5d66843950182fead07b7f695f7c09 200
[debug] [2022-03-29T13:58:53.320Z] <<< [apiv2][body] POST https://upload-firebasehosting.googleapis.com/upload/sites/my-wedding-app-b4a1d/versions/f20b5db79b6f4be6/files/297a8a1be9c5b1f589545d3223e085517c5d66843950182fead07b7f695f7c09 [stream]
[debug] [2022-03-29T13:58:53.351Z] <<< [apiv2][status] POST https://upload-firebasehosting.googleapis.com/upload/sites/my-wedding-app-b4a1d/versions/f20b5db79b6f4be6/files/6646ef3c1f070cfa47251b07734c8fed7c51f1c15081c7cca949c60bdf668f1b 200
[debug] [2022-03-29T13:58:53.351Z] <<< [apiv2][body] POST https://upload-firebasehosting.googleapis.com/upload/sites/my-wedding-app-b4a1d/versions/f20b5db79b6f4be6/files/6646ef3c1f070cfa47251b07734c8fed7c51f1c15081c7cca949c60bdf668f1b [stream]
[debug] [2022-03-29T13:58:55.894Z] <<< [apiv2][status] POST https://upload-firebasehosting.googleapis.com/upload/sites/my-wedding-app-b4a1d/versions/f20b5db79b6f4be6/files/01ffe8db4c17b4c8393929f858513bc25320837c845edbc27dbf9d274547b8a4 200
[debug] [2022-03-29T13:58:55.895Z] <<< [apiv2][body] POST https://upload-firebasehosting.googleapis.com/upload/sites/my-wedding-app-b4a1d/versions/f20b5db79b6f4be6/files/01ffe8db4c17b4c8393929f858513bc25320837c845edbc27dbf9d274547b8a4 [stream]
